make all -f B:\PROJECT\MS_VSCODE\LED_Test --print-data-base --no-builtin-variables --no-builtin-rules --question
# GNU Make 3.81
# Copyright (C) 2006  Free Software Foundation, Inc.
# This is free software; see the source for copying conditions.
# There is NO warranty; not even for MERCHANTABILITY or FITNESS FOR A
# PARTICULAR PURPOSE.

# This program built for i386-pc-mingw32

# Make data base, printed on Sat Mar 12 03:18:01 2022

# Variables

# automatic
<D = $(patsubst %/,%,$(dir $<))
# automatic
?F = $(notdir $?)
# makefile
MAKEFLAGS = Rrqp
# environment
VSCODE_LOG_NATIVE = false
# automatic
?D = $(patsubst %/,%,$(dir $?))
# environment
PLATFORMIO_IDE = 2.4.2
# automatic
@D = $(patsubst %/,%,$(dir $@))
# environment
HOMEDRIVE = C:
# automatic
@F = $(notdir $@)
# automatic
^D = $(patsubst %/,%,$(dir $^))
# makefile
CURDIR := b:/LTTS/Projects/Module3/M3_Group7
# default
SHELL := C:/WinAVR-20100110/utils/bin/sh.exe
# environment
WINDIR = C:\WINDOWS
# environment
VSCODE_NLS_CONFIG = {"locale":"en-us","availableLanguages":{},"_languagePackSupport":true}
# environment
ONEDRIVE = C:\Users\banup\OneDrive
# environment
PATHEXT = .COM;.EXE;.BAT;.CMD;.VBS;.VBE;.JS;.JSE;.WSF;.WSH;.MSC
# makefile
MAKEFILE_LIST := 
# environment
TMP = C:\Users\banup\AppData\Local\Temp
# environment
VSCODE_VERBOSE_LOGGING = true
# environment
PROGRAMW6432 = C:\Program Files
# environment
PROGRAMDATA = C:\ProgramData
# environment
VSCODE_IPC_HOOK_EXTHOST = \\.\pipe\vscode-ipc-1d8c966f-6576-40db-be56-b1f22962db9b-sock
# environment
VSCODE_CWD = C:\Users\banup\AppData\Local\Programs\Microsoft VS Code
# environment
NO_PROXY = 127.0.0.1
# environment
COMMONPROGRAMW6432 = C:\Program Files\Common Files
# environment
ZES_ENABLE_SYSMAN = 1
# environment
PROCESSOR_ARCHITECTURE = x86
# environment
USERPROFILE = C:\Users\banup
# environment
ALLUSERSPROFILE = C:\ProgramData
# environment
VSCODE_LOG_STACK = false
# environment
NUMBER_OF_PROCESSORS = 8
# environment
ELECTRON_RUN_AS_NODE = 1
# default
.FEATURES := target-specific order-only second-expansion else-if archives
# automatic
%F = $(notdir $%)
# environment
CHROME_CRASHPAD_PIPE_NAME = \\.\pipe\crashpad_20768_DUIHIFLGHQTLECWA
# environment
VSCODE_PIPE_LOGGING = true
# environment
COMPUTERNAME = DESKTOP-FMLSVJB
# environment
PROGRAMFILES = C:\Program Files (x86)
# environment
DRIVERDATA = C:\Windows\System32\Drivers\DriverData
# environment
ORIGINAL_XDG_CURRENT_DESKTOP = undefined
# environment
AVR32_HOME = C:\WinAVR-20100110
# environment
USERNAME = banup
# environment
PUBLIC = C:\Users\Public
# environment
VSCODE_AMD_ENTRYPOINT = vs/workbench/api/node/extensionHostProcess
# environment
VSCODE_CODE_CACHE_PATH = C:\Users\banup\AppData\Roaming\Code\CachedData\c722ca6c7eed3d7987c0d5c3df5c45f6b15e77d1
# environment
APPLICATION_INSIGHTS_NO_DIAGNOSTIC_CHANNEL = 1
# environment
COMMONPROGRAMFILES = C:\Program Files (x86)\Common Files
# environment
LOGONSERVER = \\DESKTOP-FMLSVJB
# environment
ONEDRIVECONSUMER = C:\Users\banup\OneDrive
# environment
VSCODE_HANDLES_UNCAUGHT_ERRORS = true
# environment
USERDOMAIN = DESKTOP-FMLSVJB
# environment
PLATFORMIO_PATH = C:\Users\banup\.platformio\python3;C:\WinAVR-20100110\bin;C:\WinAVR-20100110\utils\bin;C:\Windows\system32;C:\Windows;C:\Windows\System32\Wbem;C:\Windows\System32\WindowsPowerShell\v1.0\;C:\Windows\System32\OpenSSH\;C:\Program Files\NVIDIA Corporation\NVIDIA NvDLISR;C:\WINDOWS\system32;C:\WINDOWS;C:\WINDOWS\System32\Wbem;C:\WINDOWS\System32\WindowsPowerShell\v1.0\;C:\WINDOWS\System32\OpenSSH\;C:\Program Files\MATLAB\MATLAB Runtime\v910\runtime\win64;C:\Program Files\MATLAB\R2021a\runtime\win64;C:\Program Files\MATLAB\R2021a\bin;C:\Program Files\MATLAB\R2015b\runtime\win64;C:\Program Files\MATLAB\R2015b\bin;C:\Program Files\MATLAB\R2015b\polyspace\bin;C:\Program Files\Git\cmd;C:\MinGW\bin;C:\MinGW\include;C:\msys64\mingw64\bin;C:\msys64\mingw64\x86_64-w64-mingw32\include;C:\MinGW\msys\1.0\include\w32api;C;C:\Program Files\dotnet\;C:\ProgramData\Microsoft\Windows\Start Menu\Programs\doxygen;C:\ProgramData\Microsoft\Windows\Start Menu\Programs\Cppcheck x64 2.7;C:\ProgramData\Microsoft\Windows\Start Menu\Programs\GnuWin32\Make;C:\WinAVR-20100110\bin;C:\Users\banup\Documents\aurdino\Home_Auto\data;C:\Users\banup\Documents\PlatformIO\Projects\Smart_home\.pio\libdeps\uno\LiquidCrystal;C:\Program Files (x86)\GNU Arm Embedded Toolchain\10 2021.10\bin;C:\Program Files (x86)\GNU Arm Embedded Toolchain\10 2021.10\arm-none-eabi\include;B:\LTTS\Software\xpack-qemu-arm-6.2.0-2-win32-x64\xpack-qemu-arm-6.2.0-2\bin;C:\Program Files (x86)\GNU Arm Embedded Toolchain\10 2021.10\bin;C:\Users\banup\AppData\Local\Microsoft\WindowsApps;C:\Users\banup\AppData\Local\Programs\Microsoft VS Code\bin;C:\MinGW\bin;C:\MinGW\include;C:\msys64\mingw64\x86_64-w64-mingw32\include;C:\Users\banup\.dotnet\tools;C:\ProgramData\Microsoft\Windows\Start Menu\Programs\doxygen;C:\ProgramData\Microsoft\Windows\Start Menu\Programs\Cppcheck x64 2.7;C:\ProgramData\Microsoft\Windows\Start Menu\Programs\GnuWin32\Make;C:\WinAVR-20100110\bin;C:\Users\banup\Documents\aurdino\Home_Auto\data;C:\Users\banup\Documents\PlatformIO\Projects\Smart_home\.pio\libdeps\uno\LiquidCrystal;C:\Program Files (x86)\GNU Arm Embedded Toolchain\10 2021.10\arm-none-eabi\include;B:\LTTS\Software\xpack-qemu-arm-6.2.0-2-win32-x64\xpack-qemu-arm-6.2.0-2\bin;;C:\WinAVR-20100110\bin;C:\WinAVR-20100110\utils\bin;C:\Windows\system32;C:\Windows;C:\Windows\System32\Wbem;C:\Windows\System32\WindowsPowerShell\v1.0\;C:\Windows\System32\OpenSSH\;C:\Program Files\NVIDIA Corporation\NVIDIA NvDLISR;C:\WINDOWS\system32;C:\WINDOWS;C:\WINDOWS\System32\Wbem;C:\WINDOWS\System32\WindowsPowerShell\v1.0\;C:\WINDOWS\System32\OpenSSH\;C:\Program Files\MATLAB\MATLAB Runtime\v910\runtime\win64;C:\Program Files\MATLAB\R2021a\runtime\win64;C:\Program Files\MATLAB\R2021a\bin;C:\Program Files\MATLAB\R2015b\runtime\win64;C:\Program Files\MATLAB\R2015b\bin;C:\Program Files\MATLAB\R2015b\polyspace\bin;C:\Program Files\Git\cmd;C:\MinGW\bin;C:\MinGW\include;C:\msys64\mingw64\bin;C:\msys64\mingw64\x86_64-w64-mingw32\include;C:\MinGW\msys\1.0\include\w32api;C;C:\Program Files\dotnet\;C:\ProgramData\Microsoft\Windows\Start Menu\Programs\doxygen;C:\ProgramData\Microsoft\Windows\Start Menu\Programs\Cppcheck x64 2.7;C:\ProgramData\Microsoft\Windows\Start Menu\Programs\GnuWin32\Make;C:\WinAVR-20100110\bin;C:\Users\banup\Documents\aurdino\Home_Auto\data;C:\Users\banup\Documents\PlatformIO\Projects\Smart_home\.pio\libdeps\uno\LiquidCrystal;C:\Program Files (x86)\GNU Arm Embedded Toolchain\10 2021.10\bin;C:\Program Files (x86)\GNU Arm Embedded Toolchain\10 2021.10\arm-none-eabi\include;B:\LTTS\Software\xpack-qemu-arm-6.2.0-2-win32-x64\xpack-qemu-arm-6.2.0-2\bin;C:\Program Files (x86)\GNU Arm Embedded Toolchain\10 2021.10\bin;C:\Users\banup\AppData\Local\Microsoft\WindowsApps;C:\Users\banup\AppData\Local\Programs\Microsoft VS Code\bin;C:\MinGW\bin;C:\MinGW\include;C:\msys64\mingw64\x86_64-w64-mingw32\include;C:\Users\banup\.dotnet\tools;C:\ProgramData\Microsoft\Windows\Start Menu\Programs\doxygen;C:\ProgramData\Microsoft\Windows\Start Menu\Programs\Cppcheck x64 2.7;C:\ProgramData\Microsoft\Windows\Start Menu\Programs\GnuWin32\Make;C:\WinAVR-20100110\bin;C:\Users\banup\Documents\aurdino\Home_Auto\data;C:\Users\banup\Documents\PlatformIO\Projects\Smart_home\.pio\libdeps\uno\LiquidCrystal;C:\Program Files (x86)\GNU Arm Embedded Toolchain\10 2021.10\arm-none-eabi\include;B:\LTTS\Software\xpack-qemu-arm-6.2.0-2-win32-x64\xpack-qemu-arm-6.2.0-2\bin;
# default
MAKE = $(MAKE_COMMAND)
# default
MAKECMDGOALS := all
# environment
PATH = C:\WinAVR-20100110\bin;C:\WinAVR-20100110\utils\bin;C:\Windows\system32;C:\Windows;C:\Windows\System32\Wbem;C:\Windows\System32\WindowsPowerShell\v1.0\;C:\Windows\System32\OpenSSH\;C:\Program Files\NVIDIA Corporation\NVIDIA NvDLISR;C:\WINDOWS\system32;C:\WINDOWS;C:\WINDOWS\System32\Wbem;C:\WINDOWS\System32\WindowsPowerShell\v1.0\;C:\WINDOWS\System32\OpenSSH\;C:\Program Files\MATLAB\MATLAB Runtime\v910\runtime\win64;C:\Program Files\MATLAB\R2021a\runtime\win64;C:\Program Files\MATLAB\R2021a\bin;C:\Program Files\MATLAB\R2015b\runtime\win64;C:\Program Files\MATLAB\R2015b\bin;C:\Program Files\MATLAB\R2015b\polyspace\bin;C:\Program Files\Git\cmd;C:\MinGW\bin;C:\MinGW\include;C:\msys64\mingw64\bin;C:\msys64\mingw64\x86_64-w64-mingw32\include;C:\MinGW\msys\1.0\include\w32api;C;C:\Program Files\dotnet\;C:\ProgramData\Microsoft\Windows\Start Menu\Programs\doxygen;C:\ProgramData\Microsoft\Windows\Start Menu\Programs\Cppcheck x64 2.7;C:\ProgramData\Microsoft\Windows\Start Menu\Programs\GnuWin32\Make;C:\WinAVR-20100110\bin;C:\Users\banup\Documents\aurdino\Home_Auto\data;C:\Users\banup\Documents\PlatformIO\Projects\Smart_home\.pio\libdeps\uno\LiquidCrystal;C:\Program Files (x86)\GNU Arm Embedded Toolchain\10 2021.10\bin;C:\Program Files (x86)\GNU Arm Embedded Toolchain\10 2021.10\arm-none-eabi\include;B:\LTTS\Software\xpack-qemu-arm-6.2.0-2-win32-x64\xpack-qemu-arm-6.2.0-2\bin;C:\Program Files (x86)\GNU Arm Embedded Toolchain\10 2021.10\bin;C:\Users\banup\AppData\Local\Microsoft\WindowsApps;C:\Users\banup\AppData\Local\Programs\Microsoft VS Code\bin;C:\MinGW\bin;C:\MinGW\include;C:\msys64\mingw64\x86_64-w64-mingw32\include;C:\Users\banup\.dotnet\tools;C:\ProgramData\Microsoft\Windows\Start Menu\Programs\doxygen;C:\ProgramData\Microsoft\Windows\Start Menu\Programs\Cppcheck x64 2.7;C:\ProgramData\Microsoft\Windows\Start Menu\Programs\GnuWin32\Make;C:\WinAVR-20100110\bin;C:\Users\banup\Documents\aurdino\Home_Auto\data;C:\Users\banup\Documents\PlatformIO\Projects\Smart_home\.pio\libdeps\uno\LiquidCrystal;C:\Program Files (x86)\GNU Arm Embedded Toolchain\10 2021.10\arm-none-eabi\include;B:\LTTS\Software\xpack-qemu-arm-6.2.0-2-win32-x64\xpack-qemu-arm-6.2.0-2\bin;
# default
MAKE_VERSION := 3.81
# makefile
.DEFAULT_GOAL := 
# environment
PROGRAMFILES(X86) = C:\Program Files (x86)
# automatic
%D = $(patsubst %/,%,$(dir $%))
# environment
LOCALAPPDATA = C:\Users\banup\AppData\Local
# environment
PSMODULEPATH = C:\Program Files\WindowsPowerShell\Modules;C:\WINDOWS\system32\WindowsPowerShell\v1.0\Modules
# default
MAKE_COMMAND := make
# environment
PROCESSOR_ARCHITEW6432 = AMD64
# default
.VARIABLES := 
# automatic
*F = $(notdir $*)
# environment
PROCESSOR_IDENTIFIER = Intel64 Family 6 Model 140 Stepping 1, GenuineIntel
# environment
OS = Windows_NT
# environment
VSCODE_IPC_HOOK = \\.\pipe\aef4195e1f0cd6537ad72a4effecd658-1.65.2-main-sock
# environment
HOMEPATH = \Users\banup
# environment
COMMONPROGRAMFILES(X86) = C:\Program Files (x86)\Common Files
# environment
PROMPT = $P$G
# environment
MFLAGS = -Rrqp
# automatic
*D = $(patsubst %/,%,$(dir $*))
# environment
SYSTEMROOT = C:\WINDOWS
# automatic
+D = $(patsubst %/,%,$(dir $+))
# automatic
+F = $(notdir $+)
# environment
APPDATA = C:\Users\banup\AppData\Roaming
# environment
TEMP = C:\Users\banup\AppData\Local\Temp
# environment
COMSPEC = C:\WINDOWS\system32\cmd.exe
# default
MAKEFILES := 
# automatic
<F = $(notdir $<)
# environment
PLATFORMIO_CALLER = vscode
# environment
LC_ALL = C
# automatic
^F = $(notdir $^)
# default
SUFFIXES := 
# environment
SYSTEMDRIVE = C:
# environment
SESSIONNAME = Console
# environment
PROCESSOR_REVISION = 8c01
# environment
MAKELEVEL := 0
# environment
LANG = C
# environment
PROCESSOR_LEVEL = 6
# environment
VSCODE_PID = 20768
# environment
USERDOMAIN_ROAMINGPROFILE = DESKTOP-FMLSVJB
# variable set hash-table stats:
# Load=93/1024=9%, Rehash=0, Collisions=11/109=10%

# Pattern-specific Variable Values

# No pattern-specific variable values.

# Directories

# . (key b:/LTTS/Projects/Module3/M3_Group7, mtime 1647033953): 7 files, no impossibilities.
# C:\WinAVR-20100110\bin (key C:/WinAVR-20100110/bin, mtime 1644837714): 75 files, no impossibilities.
# C:\WinAVR-20100110\utils\bin (key C:/WinAVR-20100110/utils/bin, mtime 1644837725): 99 files, no impossibilities so far.

# 181 files, no impossibilities in 3 directories.

# Implicit Rules

# No implicit rules.

# Files

# Not a target:
all:
#  Command-line target.
#  Implicit rule search has been done.
#  File does not exist.
#  File has not been updated.
# variable set hash-table stats:
# Load=0/32=0%, Rehash=0, Collisions=0/0=0%

# Not a target:
.DEFAULT:
#  Implicit rule search has not been done.
#  Modification time never checked.
#  File has not been updated.

# Not a target:
B:\PROJECT\MS_VSCODE\LED_Test:
#  Implicit rule search has been done.
#  Last modified 2022-02-17 17:47:36
#  File has been updated.
#  Successfully updated.
# variable set hash-table stats:
# Load=0/32=0%, Rehash=0, Collisions=0/0=0%

# Not a target:
.SUFFIXES:
#  Implicit rule search has not been done.
#  Modification time never checked.
#  File has not been updated.

# files hash-table stats:
# Load=4/1024=0%, Rehash=0, Collisions=0/15=0%
# VPATH Search Paths

# No `vpath' search paths.

# No general (`VPATH' variable) search path.

# # of strings in strcache: 1
# # of strcache buffers: 1
# strcache size: total = 4096 / max = 4096 / min = 4096 / avg = 4096
# strcache free: total = 4066 / max = 4066 / min = 4066 / avg = 4066

# Finished Make data base on Sat Mar 12 03:18:01 2022

 
make: B:\PROJECT\MS_VSCODE\LED_Test: Permission denied
make: *** No rule to make target `all'.  Stop.
 
